<?xml version="1.0" encoding="UTF-8"?>
<!-- Generated by org.testng.reporters.JUnitReportReporter -->
<testsuite hostname="Shubh_51" failures="0" tests="1" name="testNG1.GoogleTest" time="4.373" errors="0" timestamp="2024-05-01T09:00:56 IST" skipped="0">
  <testcase classname="testNG1.GoogleTest" name="googleTest" time="4.373"/>
  <system-out/>
</testsuite> <!-- testNG1.GoogleTest -->
