<?xml version="1.0" encoding="UTF-8"?>
<!-- Generated by org.testng.reporters.JUnitReportReporter -->
<testsuite hostname="Shubh_51" failures="0" tests="3" name="genericUtil.ToResgisterAndLoginUser" time="7.058" errors="0" timestamp="2024-04-29T12:47:45 IST" skipped="0">
  <testcase classname="genericUtil.ToResgisterAndLoginUser" name="test1" time="0.008"/>
  <system-out/>
  <testcase classname="genericUtil.ToResgisterAndLoginUser" name="registerUser" time="6.120"/>
  <system-out/>
  <testcase classname="genericUtil.ToResgisterAndLoginUser" name="loginUser" time="0.930"/>
  <system-out/>
</testsuite> <!-- genericUtil.ToResgisterAndLoginUser -->
