<?xml version="1.0" encoding="UTF-8"?>
<!-- Generated by org.testng.reporters.JUnitReportReporter -->
<testsuite hostname="Shubh_51" failures="0" tests="2" name="testNg2.GoogleFacebookCross" time="2.708" errors="0" timestamp="2024-05-03T09:02:27 IST" skipped="0">
  <testcase classname="testNg2.GoogleFacebookCross" name="googleTest" time="1.459"/>
  <system-out/>
  <testcase classname="testNg2.GoogleFacebookCross" name="googleTest" time="1.249"/>
  <system-out/>
</testsuite> <!-- testNg2.GoogleFacebookCross -->
