<?xml version="1.0" encoding="UTF-8"?>
<!-- Generated by org.testng.reporters.JUnitReportReporter -->
<testsuite hostname="Shubh_51" failures="0" tests="2" name="genericUtil1.ToRegisterAndLoginUser" time="25.622" errors="0" timestamp="2024-04-30T12:38:56 IST" skipped="0">
  <testcase classname="genericUtil1.ToRegisterAndLoginUser" name="registerUser" time="23.087"/>
  <system-out/>
  <testcase classname="genericUtil1.ToRegisterAndLoginUser" name="loginUser" time="2.535"/>
  <system-out/>
</testsuite> <!-- genericUtil1.ToRegisterAndLoginUser -->
