<?xml version="1.0" encoding="UTF-8"?>
<!-- Generated by org.testng.reporters.JUnitReportReporter -->
<testsuite hostname="Shubh_51" failures="0" tests="5" name="testNG.TestExecutionWithGroups" time="0.002" errors="0" timestamp="2024-05-01T08:43:14 IST" skipped="0">
  <testcase classname="testNG.TestExecutionWithGroups" name="resiger" time="0.000"/>
  <system-out/>
  <testcase classname="testNG.TestExecutionWithGroups" name="login" time="0.001"/>
  <system-out/>
  <testcase classname="testNG.TestExecutionWithGroups" name="addProduct" time="0.001"/>
  <system-out/>
  <testcase classname="testNG.TestExecutionWithGroups" name="payment" time="0.000"/>
  <system-out/>
  <testcase classname="testNG.TestExecutionWithGroups" name="logout" time="0.000"/>
  <system-out/>
</testsuite> <!-- testNG.TestExecutionWithGroups -->
