<?xml version="1.0" encoding="UTF-8"?>
<!-- Generated by org.testng.reporters.JUnitReportReporter -->
<testsuite hostname="Shubh_51" failures="0" tests="3" name="testNG.MultipleData" time="0.004" errors="0" timestamp="2024-05-01T08:43:14 IST" skipped="0">
  <testcase classname="testNG.MultipleData" name="user" time="0.001"/>
  <system-out/>
  <testcase classname="testNG.MultipleData" name="user" time="0.001"/>
  <system-out/>
  <testcase classname="testNG.MultipleData" name="user" time="0.002"/>
  <system-out/>
</testsuite> <!-- testNG.MultipleData -->
