<?xml version="1.0" encoding="UTF-8"?>
<!-- Generated by org.testng.reporters.JUnitReportReporter -->
<testsuite hostname="Shubh_51" failures="0" tests="1" name="testNg2.FaceBookTest" time="2.262" errors="0" timestamp="2024-05-02T11:07:07 IST" skipped="0">
  <testcase classname="testNg2.FaceBookTest" name="GoogleTest" time="2.262"/>
  <system-out/>
</testsuite> <!-- testNg2.FaceBookTest -->
