<?xml version="1.0" encoding="UTF-8"?>
<!-- Generated by org.testng.reporters.JUnitReportReporter -->
<testsuite hostname="Shubh_51" failures="0" tests="3" name="testNG1.UsingOfTestAnnotaionns" time="0.009" errors="0" timestamp="2024-05-01T08:41:29 IST" skipped="0">
  <testcase classname="testNG1.UsingOfTestAnnotaionns" name="registeruser" time="0.006"/>
  <system-out/>
  <testcase classname="testNG1.UsingOfTestAnnotaionns" name="loginUser" time="0.002"/>
  <system-out/>
  <testcase classname="testNG1.UsingOfTestAnnotaionns" name="logoutUser" time="0.001"/>
  <system-out/>
</testsuite> <!-- testNG1.UsingOfTestAnnotaionns -->
