<?xml version="1.0" encoding="UTF-8"?>
<!-- Generated by org.testng.reporters.JUnitReportReporter -->
<testsuite hostname="Shubh_51" failures="0" tests="3" name="testNG.MultipleData" time="0.007" errors="0" timestamp="2024-05-02T10:49:13 IST" skipped="0">
  <testcase classname="testNG.MultipleData" name="user" time="0.003"/>
  <system-out/>
  <testcase classname="testNG.MultipleData" name="user" time="0.002"/>
  <system-out/>
  <testcase classname="testNG.MultipleData" name="user" time="0.002"/>
  <system-out/>
</testsuite> <!-- testNG.MultipleData -->
