<?xml version="1.0" encoding="UTF-8"?>
<!-- Generated by org.testng.reporters.JUnitReportReporter -->
<testsuite hostname="Shubh_51" failures="0" tests="2" name="testNg2.CreatingForGroupExcecution" time="0.009" errors="0" timestamp="2024-05-02T10:57:46 IST" skipped="0">
  <testcase classname="testNg2.CreatingForGroupExcecution" name="payment" time="0.002"/>
  <system-out/>
  <testcase classname="testNg2.CreatingForGroupExcecution" name="addProduct" time="0.007"/>
  <system-out/>
</testsuite> <!-- testNg2.CreatingForGroupExcecution -->
