<?xml version="1.0" encoding="UTF-8"?>
<!-- Generated by org.testng.reporters.JUnitReportReporter -->
<testsuite hostname="Shubh_51" failures="0" tests="2" name="testNG1.GoogleCrossBrowserTesting" time="38.635" errors="0" timestamp="2024-05-01T09:39:51 IST" skipped="0">
  <testcase classname="testNG1.GoogleCrossBrowserTesting" name="googleTest" time="4.790"/>
  <system-out/>
  <testcase classname="testNG1.GoogleCrossBrowserTesting" name="googleTest" time="33.845"/>
  <system-out/>
</testsuite> <!-- testNG1.GoogleCrossBrowserTesting -->
