<?xml version="1.0" encoding="UTF-8"?>
<!-- Generated by org.testng.reporters.JUnitReportReporter -->
<testsuite hostname="Shubh_51" failures="0" tests="5" name="testNG.TestNGOrderOfExecution" time="0.009" errors="0" timestamp="2024-05-02T10:49:13 IST" skipped="0">
  <testcase classname="testNG.TestNGOrderOfExecution" name="addProduct" time="0.002"/>
  <system-out/>
  <testcase classname="testNG.TestNGOrderOfExecution" name="login" time="0.003"/>
  <system-out/>
  <testcase classname="testNG.TestNGOrderOfExecution" name="resiger" time="0.002"/>
  <system-out/>
  <testcase classname="testNG.TestNGOrderOfExecution" name="payment" time="0.000"/>
  <system-out/>
  <testcase classname="testNG.TestNGOrderOfExecution" name="logout" time="0.002"/>
  <system-out/>
</testsuite> <!-- testNG.TestNGOrderOfExecution -->
